Tue Jul  9 08:08:12 2024 :: Booting MARS
Tue Jul  9 08:08:12 2024 :: MARS is ready to rock on port 3033.
Tue Jul  9 08:08:18 2024 :: Sock.sinaddr:  127.0.0.1
Tue Jul  9 08:08:59 2024 :: Admin@localhost new player.
Tue Jul  9 08:09:07 2024 :: Log Admin: relevel
Tue Jul  9 08:09:13 2024 :: OLC Autosaving:
Tue Jul  9 08:09:13 2024 :: None.
Tue Jul  9 08:09:14 2024 :: Log Admin: wizify admin
Tue Jul  9 08:09:17 2024 :: Log Admin: wizify admin 9
Tue Jul  9 08:09:26 2024 :: Log Admin: wizi
Tue Jul  9 08:10:14 2024 :: OLC Autosaving:
Tue Jul  9 08:10:14 2024 :: None.
Tue Jul  9 08:11:15 2024 :: OLC Autosaving:
Tue Jul  9 08:11:15 2024 :: None.
Tue Jul  9 08:12:16 2024 :: OLC Autosaving:
Tue Jul  9 08:12:16 2024 :: None.
Tue Jul  9 08:13:17 2024 :: OLC Autosaving:
Tue Jul  9 08:13:17 2024 :: None.
Tue Jul  9 08:14:18 2024 :: OLC Autosaving:
Tue Jul  9 08:14:18 2024 :: None.
Tue Jul  9 08:15:19 2024 :: OLC Autosaving:
Tue Jul  9 08:15:19 2024 :: None.
Tue Jul  9 08:16:20 2024 :: OLC Autosaving:
Tue Jul  9 08:16:20 2024 :: None.
Tue Jul  9 08:17:21 2024 :: OLC Autosaving:
Tue Jul  9 08:17:21 2024 :: None.
Tue Jul  9 08:18:22 2024 :: OLC Autosaving:
Tue Jul  9 08:18:22 2024 :: None.
Tue Jul  9 08:19:23 2024 :: OLC Autosaving:
Tue Jul  9 08:19:23 2024 :: None.
Tue Jul  9 08:20:25 2024 :: OLC Autosaving:
Tue Jul  9 08:20:25 2024 :: None.
Tue Jul  9 08:21:26 2024 :: OLC Autosaving:
Tue Jul  9 08:21:26 2024 :: None.
Tue Jul  9 08:21:37 2024 :: Log Admin: copyover
Tue Jul  9 08:21:37 2024 :: Booting MARS
Tue Jul  9 08:21:37 2024 :: MARS continues to rock on port 3033.
Tue Jul  9 08:21:37 2024 :: Hotboot recovery initiated
Tue Jul  9 08:21:37 2024 :: Loading Admin.
Tue Jul  9 08:21:37 2024 :: OLC Autosaving:
Tue Jul  9 08:21:37 2024 :: None.
Tue Jul  9 08:21:50 2024 :: Log Admin: award
Tue Jul  9 08:21:58 2024 :: Log Admin: award om 2500 qp
Tue Jul  9 08:22:10 2024 :: Log Admin: award admin 2500 qp
Tue Jul  9 08:22:11 2024 :: Log Admin: award admin 2500 qp
Tue Jul  9 08:22:11 2024 :: Log Admin: award admin 2500 qp
Tue Jul  9 08:22:12 2024 :: Log Admin: award admin 2500 qp
Tue Jul  9 08:22:12 2024 :: Log Admin: award admin 2500 qp
Tue Jul  9 08:22:13 2024 :: Log Admin: award admin 2500 qp
Tue Jul  9 08:22:13 2024 :: Log Admin: award admin 2500 qp
Tue Jul  9 08:22:15 2024 :: Log Admin: award admin 2500 qp
Tue Jul  9 08:22:16 2024 :: Log Admin: award admin 2500 qp
Tue Jul  9 08:22:16 2024 :: Log Admin: award admin 2500 qp
Tue Jul  9 08:22:38 2024 :: OLC Autosaving:
Tue Jul  9 08:22:38 2024 :: None.
Tue Jul  9 08:23:39 2024 :: OLC Autosaving:
Tue Jul  9 08:23:39 2024 :: None.
Tue Jul  9 08:24:40 2024 :: OLC Autosaving:
Tue Jul  9 08:24:40 2024 :: None.
Tue Jul  9 08:25:41 2024 :: OLC Autosaving:
Tue Jul  9 08:25:41 2024 :: None.
Tue Jul  9 08:26:42 2024 :: OLC Autosaving:
Tue Jul  9 08:26:42 2024 :: None.
Tue Jul  9 08:27:43 2024 :: OLC Autosaving:
Tue Jul  9 08:27:43 2024 :: None.
Tue Jul  9 08:28:44 2024 :: OLC Autosaving:
Tue Jul  9 08:28:44 2024 :: None.
Tue Jul  9 08:29:45 2024 :: OLC Autosaving:
Tue Jul  9 08:29:45 2024 :: None.
Tue Jul  9 08:30:46 2024 :: OLC Autosaving:
Tue Jul  9 08:30:46 2024 :: None.
Tue Jul  9 08:31:47 2024 :: OLC Autosaving:
Tue Jul  9 08:31:47 2024 :: None.
Tue Jul  9 08:32:49 2024 :: OLC Autosaving:
Tue Jul  9 08:32:49 2024 :: None.
Tue Jul  9 08:33:50 2024 :: OLC Autosaving:
Tue Jul  9 08:33:50 2024 :: None.
Tue Jul  9 08:34:51 2024 :: OLC Autosaving:
Tue Jul  9 08:34:51 2024 :: None.
Tue Jul  9 08:35:52 2024 :: OLC Autosaving:
Tue Jul  9 08:35:52 2024 :: None.
Tue Jul  9 08:36:53 2024 :: OLC Autosaving:
Tue Jul  9 08:36:53 2024 :: None.
Tue Jul  9 08:37:54 2024 :: OLC Autosaving:
Tue Jul  9 08:37:54 2024 :: None.
Tue Jul  9 08:38:55 2024 :: OLC Autosaving:
Tue Jul  9 08:38:55 2024 :: None.
Tue Jul  9 08:39:56 2024 :: OLC Autosaving:
Tue Jul  9 08:39:56 2024 :: None.
Tue Jul  9 08:40:57 2024 :: OLC Autosaving:
Tue Jul  9 08:40:57 2024 :: None.
Tue Jul  9 08:41:58 2024 :: OLC Autosaving:
Tue Jul  9 08:41:58 2024 :: None.
Tue Jul  9 08:42:59 2024 :: OLC Autosaving:
Tue Jul  9 08:42:59 2024 :: None.
Tue Jul  9 08:44:01 2024 :: OLC Autosaving:
Tue Jul  9 08:44:01 2024 :: None.
Tue Jul  9 08:45:02 2024 :: OLC Autosaving:
Tue Jul  9 08:45:02 2024 :: None.
Tue Jul  9 08:46:03 2024 :: OLC Autosaving:
Tue Jul  9 08:46:03 2024 :: None.
Tue Jul  9 08:47:04 2024 :: OLC Autosaving:
Tue Jul  9 08:47:04 2024 :: None.
Tue Jul  9 08:48:05 2024 :: OLC Autosaving:
Tue Jul  9 08:48:05 2024 :: None.
Tue Jul  9 08:49:06 2024 :: OLC Autosaving:
Tue Jul  9 08:49:06 2024 :: None.
Tue Jul  9 08:50:07 2024 :: OLC Autosaving:
Tue Jul  9 08:50:07 2024 :: None.
Tue Jul  9 08:51:08 2024 :: OLC Autosaving:
Tue Jul  9 08:51:08 2024 :: None.
Tue Jul  9 08:52:09 2024 :: OLC Autosaving:
Tue Jul  9 08:52:09 2024 :: None.
Tue Jul  9 08:53:10 2024 :: OLC Autosaving:
Tue Jul  9 08:53:10 2024 :: None.
Tue Jul  9 08:54:11 2024 :: OLC Autosaving:
Tue Jul  9 08:54:11 2024 :: None.
Tue Jul  9 08:55:13 2024 :: OLC Autosaving:
Tue Jul  9 08:55:13 2024 :: None.
Tue Jul  9 08:56:14 2024 :: OLC Autosaving:
Tue Jul  9 08:56:14 2024 :: None.
Tue Jul  9 08:57:15 2024 :: OLC Autosaving:
Tue Jul  9 08:57:15 2024 :: None.
Tue Jul  9 08:58:16 2024 :: OLC Autosaving:
Tue Jul  9 08:58:16 2024 :: None.
Tue Jul  9 08:59:17 2024 :: OLC Autosaving:
Tue Jul  9 08:59:17 2024 :: None.
Tue Jul  9 09:00:18 2024 :: OLC Autosaving:
Tue Jul  9 09:00:18 2024 :: None.
Tue Jul  9 09:01:19 2024 :: OLC Autosaving:
Tue Jul  9 09:01:19 2024 :: None.
Tue Jul  9 09:02:20 2024 :: OLC Autosaving:
Tue Jul  9 09:02:20 2024 :: None.
Tue Jul  9 09:03:21 2024 :: OLC Autosaving:
Tue Jul  9 09:03:21 2024 :: None.
Tue Jul  9 09:04:22 2024 :: OLC Autosaving:
Tue Jul  9 09:04:22 2024 :: None.
Tue Jul  9 09:05:23 2024 :: OLC Autosaving:
Tue Jul  9 09:05:23 2024 :: None.
Tue Jul  9 09:06:24 2024 :: OLC Autosaving:
Tue Jul  9 09:06:24 2024 :: None.
Tue Jul  9 09:07:26 2024 :: OLC Autosaving:
Tue Jul  9 09:07:26 2024 :: None.
Tue Jul  9 09:08:27 2024 :: OLC Autosaving:
Tue Jul  9 09:08:27 2024 :: None.
Tue Jul  9 09:09:28 2024 :: OLC Autosaving:
Tue Jul  9 09:09:28 2024 :: None.
Tue Jul  9 09:10:29 2024 :: OLC Autosaving:
Tue Jul  9 09:10:29 2024 :: None.
Tue Jul  9 09:11:30 2024 :: OLC Autosaving:
Tue Jul  9 09:11:30 2024 :: None.
Tue Jul  9 09:12:31 2024 :: OLC Autosaving:
Tue Jul  9 09:12:31 2024 :: None.
Tue Jul  9 09:13:32 2024 :: OLC Autosaving:
Tue Jul  9 09:13:32 2024 :: None.
Tue Jul  9 09:14:33 2024 :: OLC Autosaving:
Tue Jul  9 09:14:33 2024 :: None.
Tue Jul  9 09:15:34 2024 :: OLC Autosaving:
Tue Jul  9 09:15:34 2024 :: None.
Tue Jul  9 09:16:35 2024 :: OLC Autosaving:
Tue Jul  9 09:16:35 2024 :: None.
Tue Jul  9 09:17:36 2024 :: OLC Autosaving:
Tue Jul  9 09:17:36 2024 :: None.
Tue Jul  9 09:18:38 2024 :: OLC Autosaving:
Tue Jul  9 09:18:38 2024 :: None.
Tue Jul  9 09:19:39 2024 :: OLC Autosaving:
Tue Jul  9 09:19:39 2024 :: None.
Tue Jul  9 09:20:40 2024 :: OLC Autosaving:
Tue Jul  9 09:20:40 2024 :: None.
Tue Jul  9 09:21:41 2024 :: OLC Autosaving:
Tue Jul  9 09:21:41 2024 :: None.
Tue Jul  9 09:22:42 2024 :: OLC Autosaving:
Tue Jul  9 09:22:42 2024 :: None.
Tue Jul  9 09:23:43 2024 :: OLC Autosaving:
Tue Jul  9 09:23:43 2024 :: None.
Tue Jul  9 09:24:44 2024 :: OLC Autosaving:
Tue Jul  9 09:24:44 2024 :: None.
Tue Jul  9 09:25:45 2024 :: OLC Autosaving:
Tue Jul  9 09:25:45 2024 :: None.
Tue Jul  9 09:26:46 2024 :: OLC Autosaving:
Tue Jul  9 09:26:46 2024 :: None.
Tue Jul  9 09:27:47 2024 :: OLC Autosaving:
Tue Jul  9 09:27:47 2024 :: None.
Tue Jul  9 09:28:48 2024 :: OLC Autosaving:
Tue Jul  9 09:28:48 2024 :: None.
Tue Jul  9 09:29:49 2024 :: OLC Autosaving:
Tue Jul  9 09:29:49 2024 :: None.
Tue Jul  9 09:30:51 2024 :: OLC Autosaving:
Tue Jul  9 09:30:51 2024 :: None.
Tue Jul  9 09:31:52 2024 :: OLC Autosaving:
Tue Jul  9 09:31:52 2024 :: None.
Tue Jul  9 09:32:53 2024 :: OLC Autosaving:
Tue Jul  9 09:32:53 2024 :: None.
Tue Jul  9 09:33:54 2024 :: OLC Autosaving:
Tue Jul  9 09:33:54 2024 :: None.
Tue Jul  9 09:34:55 2024 :: OLC Autosaving:
Tue Jul  9 09:34:55 2024 :: None.
Tue Jul  9 09:35:56 2024 :: OLC Autosaving:
Tue Jul  9 09:35:56 2024 :: None.
Tue Jul  9 09:36:57 2024 :: OLC Autosaving:
Tue Jul  9 09:36:57 2024 :: None.
Tue Jul  9 09:37:58 2024 :: OLC Autosaving:
Tue Jul  9 09:37:58 2024 :: None.
Tue Jul  9 09:38:59 2024 :: OLC Autosaving:
Tue Jul  9 09:38:59 2024 :: None.
Tue Jul  9 09:40:00 2024 :: OLC Autosaving:
Tue Jul  9 09:40:00 2024 :: None.
Tue Jul  9 09:41:01 2024 :: OLC Autosaving:
Tue Jul  9 09:41:01 2024 :: None.
Tue Jul  9 09:42:03 2024 :: OLC Autosaving:
Tue Jul  9 09:42:03 2024 :: None.
Tue Jul  9 09:43:04 2024 :: OLC Autosaving:
Tue Jul  9 09:43:04 2024 :: None.
Tue Jul  9 09:44:05 2024 :: OLC Autosaving:
Tue Jul  9 09:44:05 2024 :: None.
Tue Jul  9 09:45:06 2024 :: OLC Autosaving:
Tue Jul  9 09:45:06 2024 :: None.
Tue Jul  9 09:46:07 2024 :: OLC Autosaving:
Tue Jul  9 09:46:07 2024 :: None.
Tue Jul  9 09:47:08 2024 :: OLC Autosaving:
Tue Jul  9 09:47:08 2024 :: None.
Tue Jul  9 09:48:09 2024 :: OLC Autosaving:
Tue Jul  9 09:48:09 2024 :: None.
Tue Jul  9 09:49:10 2024 :: OLC Autosaving:
Tue Jul  9 09:49:10 2024 :: None.
Tue Jul  9 09:50:11 2024 :: OLC Autosaving:
Tue Jul  9 09:50:11 2024 :: None.
Tue Jul  9 09:51:12 2024 :: OLC Autosaving:
Tue Jul  9 09:51:12 2024 :: None.
Tue Jul  9 09:52:13 2024 :: OLC Autosaving:
Tue Jul  9 09:52:13 2024 :: None.
Tue Jul  9 09:53:15 2024 :: OLC Autosaving:
Tue Jul  9 09:53:15 2024 :: None.
Tue Jul  9 09:54:16 2024 :: OLC Autosaving:
Tue Jul  9 09:54:16 2024 :: None.
Tue Jul  9 09:55:17 2024 :: OLC Autosaving:
Tue Jul  9 09:55:17 2024 :: None.
Tue Jul  9 09:56:18 2024 :: OLC Autosaving:
Tue Jul  9 09:56:18 2024 :: None.
Tue Jul  9 09:57:19 2024 :: OLC Autosaving:
Tue Jul  9 09:57:19 2024 :: None.
Tue Jul  9 09:58:20 2024 :: OLC Autosaving:
Tue Jul  9 09:58:20 2024 :: None.
Tue Jul  9 09:59:21 2024 :: OLC Autosaving:
Tue Jul  9 09:59:21 2024 :: None.
Tue Jul  9 10:00:22 2024 :: OLC Autosaving:
Tue Jul  9 10:00:22 2024 :: None.
Tue Jul  9 10:01:23 2024 :: OLC Autosaving:
Tue Jul  9 10:01:23 2024 :: None.
Tue Jul  9 10:02:24 2024 :: OLC Autosaving:
Tue Jul  9 10:02:24 2024 :: None.
Tue Jul  9 10:03:25 2024 :: OLC Autosaving:
Tue Jul  9 10:03:25 2024 :: None.
Tue Jul  9 10:04:26 2024 :: OLC Autosaving:
Tue Jul  9 10:04:26 2024 :: None.
Tue Jul  9 10:05:28 2024 :: OLC Autosaving:
Tue Jul  9 10:05:28 2024 :: None.
Tue Jul  9 10:06:29 2024 :: OLC Autosaving:
Tue Jul  9 10:06:29 2024 :: None.
Tue Jul  9 10:07:30 2024 :: OLC Autosaving:
Tue Jul  9 10:07:30 2024 :: None.
Tue Jul  9 10:08:31 2024 :: OLC Autosaving:
Tue Jul  9 10:08:31 2024 :: None.
Tue Jul  9 10:09:32 2024 :: OLC Autosaving:
Tue Jul  9 10:09:32 2024 :: None.
Tue Jul  9 10:10:33 2024 :: OLC Autosaving:
Tue Jul  9 10:10:33 2024 :: None.
Tue Jul  9 10:11:34 2024 :: OLC Autosaving:
Tue Jul  9 10:11:34 2024 :: None.
Tue Jul  9 10:12:35 2024 :: OLC Autosaving:
Tue Jul  9 10:12:35 2024 :: None.
Tue Jul  9 10:13:36 2024 :: OLC Autosaving:
Tue Jul  9 10:13:36 2024 :: None.
Tue Jul  9 10:14:37 2024 :: OLC Autosaving:
Tue Jul  9 10:14:37 2024 :: None.
Tue Jul  9 10:15:38 2024 :: OLC Autosaving:
Tue Jul  9 10:15:38 2024 :: None.
Tue Jul  9 10:15:46 2024 :: Log Admin: copyover
Tue Jul  9 10:15:46 2024 :: Booting MARS
Tue Jul  9 10:15:46 2024 :: MARS continues to rock on port 3033.
Tue Jul  9 10:15:46 2024 :: Hotboot recovery initiated
Tue Jul  9 10:15:46 2024 :: Loading Admin.
Tue Jul  9 10:15:46 2024 :: OLC Autosaving:
Tue Jul  9 10:15:46 2024 :: None.
Tue Jul  9 10:16:47 2024 :: OLC Autosaving:
Tue Jul  9 10:16:47 2024 :: None.
