Fri Aug 29 12:25:15 2025 :: Booting MARS
Fri Aug 29 12:25:15 2025 :: MARS is ready to rock on port 3033.
Fri Aug 29 12:25:19 2025 :: Sock.sinaddr:  127.0.0.1
Fri Aug 29 12:25:21 2025 :: Loading Om.
Fri Aug 29 12:25:23 2025 :: Om@localhost has connected.
Fri Aug 29 12:25:32 2025 :: Log Om: plist
Fri Aug 29 12:26:16 2025 :: OLC Autosaving:
Fri Aug 29 12:26:16 2025 :: None.
Fri Aug 29 12:27:17 2025 :: OLC Autosaving:
Fri Aug 29 12:27:17 2025 :: None.
Fri Aug 29 12:28:18 2025 :: OLC Autosaving:
Fri Aug 29 12:28:18 2025 :: None.
Fri Aug 29 12:29:19 2025 :: OLC Autosaving:
Fri Aug 29 12:29:19 2025 :: None.
Fri Aug 29 12:30:20 2025 :: OLC Autosaving:
Fri Aug 29 12:30:20 2025 :: None.
Fri Aug 29 12:31:22 2025 :: OLC Autosaving:
Fri Aug 29 12:31:22 2025 :: None.
Fri Aug 29 12:32:23 2025 :: OLC Autosaving:
Fri Aug 29 12:32:23 2025 :: None.
Fri Aug 29 12:33:24 2025 :: OLC Autosaving:
Fri Aug 29 12:33:24 2025 :: None.
Fri Aug 29 12:34:25 2025 :: OLC Autosaving:
Fri Aug 29 12:34:25 2025 :: None.
Fri Aug 29 12:35:26 2025 :: OLC Autosaving:
Fri Aug 29 12:35:26 2025 :: None.
Fri Aug 29 12:36:27 2025 :: OLC Autosaving:
Fri Aug 29 12:36:27 2025 :: None.
Fri Aug 29 12:37:29 2025 :: OLC Autosaving:
Fri Aug 29 12:37:29 2025 :: None.
Fri Aug 29 12:38:30 2025 :: OLC Autosaving:
Fri Aug 29 12:38:30 2025 :: None.
Fri Aug 29 12:39:31 2025 :: OLC Autosaving:
Fri Aug 29 12:39:31 2025 :: None.
Fri Aug 29 12:40:32 2025 :: OLC Autosaving:
Fri Aug 29 12:40:32 2025 :: None.
Fri Aug 29 12:41:33 2025 :: OLC Autosaving:
Fri Aug 29 12:41:33 2025 :: None.
Fri Aug 29 12:42:34 2025 :: OLC Autosaving:
Fri Aug 29 12:42:34 2025 :: None.
Fri Aug 29 12:43:35 2025 :: OLC Autosaving:
Fri Aug 29 12:43:35 2025 :: None.
Fri Aug 29 12:44:36 2025 :: OLC Autosaving:
Fri Aug 29 12:44:36 2025 :: None.
Fri Aug 29 12:45:37 2025 :: OLC Autosaving:
Fri Aug 29 12:45:37 2025 :: None.
Fri Aug 29 12:46:39 2025 :: OLC Autosaving:
Fri Aug 29 12:46:39 2025 :: None.
Fri Aug 29 12:47:40 2025 :: OLC Autosaving:
Fri Aug 29 12:47:40 2025 :: None.
Fri Aug 29 12:48:41 2025 :: OLC Autosaving:
Fri Aug 29 12:48:41 2025 :: None.
Fri Aug 29 12:49:42 2025 :: OLC Autosaving:
Fri Aug 29 12:49:42 2025 :: None.
Fri Aug 29 12:50:43 2025 :: OLC Autosaving:
Fri Aug 29 12:50:43 2025 :: None.
Fri Aug 29 12:51:44 2025 :: OLC Autosaving:
Fri Aug 29 12:51:44 2025 :: None.
Fri Aug 29 12:52:45 2025 :: OLC Autosaving:
Fri Aug 29 12:52:45 2025 :: None.
Fri Aug 29 12:53:46 2025 :: OLC Autosaving:
Fri Aug 29 12:53:46 2025 :: None.
Fri Aug 29 12:54:47 2025 :: OLC Autosaving:
Fri Aug 29 12:54:47 2025 :: None.
Fri Aug 29 12:55:48 2025 :: OLC Autosaving:
Fri Aug 29 12:55:48 2025 :: None.
Fri Aug 29 12:56:49 2025 :: OLC Autosaving:
Fri Aug 29 12:56:49 2025 :: None.
Fri Aug 29 12:57:51 2025 :: OLC Autosaving:
Fri Aug 29 12:57:51 2025 :: None.
Fri Aug 29 12:58:52 2025 :: OLC Autosaving:
Fri Aug 29 12:58:52 2025 :: None.
Fri Aug 29 12:59:53 2025 :: OLC Autosaving:
Fri Aug 29 12:59:53 2025 :: None.
Fri Aug 29 13:00:54 2025 :: OLC Autosaving:
Fri Aug 29 13:00:54 2025 :: None.
Fri Aug 29 13:01:55 2025 :: OLC Autosaving:
Fri Aug 29 13:01:55 2025 :: None.
Fri Aug 29 13:02:56 2025 :: OLC Autosaving:
Fri Aug 29 13:02:56 2025 :: None.
Fri Aug 29 13:03:57 2025 :: OLC Autosaving:
Fri Aug 29 13:03:57 2025 :: None.
Fri Aug 29 13:04:58 2025 :: OLC Autosaving:
Fri Aug 29 13:04:58 2025 :: None.
Fri Aug 29 13:05:59 2025 :: OLC Autosaving:
Fri Aug 29 13:05:59 2025 :: None.
Fri Aug 29 13:07:00 2025 :: OLC Autosaving:
Fri Aug 29 13:07:00 2025 :: None.
Fri Aug 29 13:08:01 2025 :: OLC Autosaving:
Fri Aug 29 13:08:01 2025 :: None.
Fri Aug 29 13:09:02 2025 :: OLC Autosaving:
Fri Aug 29 13:09:02 2025 :: None.
Fri Aug 29 13:10:03 2025 :: OLC Autosaving:
Fri Aug 29 13:10:03 2025 :: None.
Fri Aug 29 13:11:05 2025 :: OLC Autosaving:
Fri Aug 29 13:11:05 2025 :: None.
Fri Aug 29 13:12:06 2025 :: OLC Autosaving:
Fri Aug 29 13:12:06 2025 :: None.
Fri Aug 29 13:13:07 2025 :: OLC Autosaving:
Fri Aug 29 13:13:07 2025 :: None.
Fri Aug 29 13:14:08 2025 :: OLC Autosaving:
Fri Aug 29 13:14:08 2025 :: None.
Fri Aug 29 13:14:50 2025 :: Log Om: hotboot
Fri Aug 29 13:14:50 2025 :: Booting MARS
Fri Aug 29 13:14:50 2025 :: MARS continues to rock on port 3033.
Fri Aug 29 13:14:50 2025 :: Hotboot recovery initiated
Fri Aug 29 13:14:50 2025 :: Loading Om.
Fri Aug 29 13:14:50 2025 :: OLC Autosaving:
Fri Aug 29 13:14:50 2025 :: None.
Fri Aug 29 13:15:27 2025 :: Log Om: set char om
Fri Aug 29 13:15:35 2025 :: Log Om: set char om hair
Fri Aug 29 13:15:38 2025 :: Log Om: set char om hair gold
Fri Aug 29 13:15:47 2025 :: Om has quit.
Fri Aug 29 13:15:50 2025 :: Sock.sinaddr:  127.0.0.1
Fri Aug 29 13:15:51 2025 :: OLC Autosaving:
Fri Aug 29 13:15:51 2025 :: None.
Fri Aug 29 13:16:31 2025 :: Dragontest@localhost new player.
Fri Aug 29 13:16:52 2025 :: OLC Autosaving:
Fri Aug 29 13:16:52 2025 :: None.
Fri Aug 29 13:17:16 2025 :: Log Dragontest: delete
Fri Aug 29 13:17:19 2025 :: Log Dragontest: delete
Fri Aug 29 13:17:19 2025 :: Dragontest has quit.
Fri Aug 29 13:21:41 2025 :: Sock.sinaddr:  127.0.0.1
Fri Aug 29 13:21:45 2025 :: Loading Om.
Fri Aug 29 13:21:47 2025 :: Om@localhost has connected.
Fri Aug 29 13:21:55 2025 :: Log Om: hotboot
Fri Aug 29 13:21:55 2025 :: Booting MARS
Fri Aug 29 13:21:55 2025 :: MARS continues to rock on port 3033.
Fri Aug 29 13:21:55 2025 :: Hotboot recovery initiated
Fri Aug 29 13:21:55 2025 :: Loading Om.
Fri Aug 29 13:21:55 2025 :: OLC Autosaving:
Fri Aug 29 13:21:55 2025 :: None.
Fri Aug 29 13:22:56 2025 :: OLC Autosaving:
Fri Aug 29 13:22:56 2025 :: None.
Fri Aug 29 13:23:57 2025 :: OLC Autosaving:
Fri Aug 29 13:23:57 2025 :: None.
Fri Aug 29 13:24:58 2025 :: OLC Autosaving:
Fri Aug 29 13:24:58 2025 :: None.
Fri Aug 29 13:25:55 2025 :: Log Om: load obj 211
Fri Aug 29 13:25:59 2025 :: OLC Autosaving:
Fri Aug 29 13:25:59 2025 :: None.
Fri Aug 29 13:27:00 2025 :: OLC Autosaving:
Fri Aug 29 13:27:00 2025 :: None.
Fri Aug 29 13:28:01 2025 :: OLC Autosaving:
Fri Aug 29 13:28:01 2025 :: None.
Fri Aug 29 13:29:02 2025 :: OLC Autosaving:
Fri Aug 29 13:29:02 2025 :: None.
Fri Aug 29 13:30:03 2025 :: OLC Autosaving:
Fri Aug 29 13:30:03 2025 :: None.
Fri Aug 29 13:31:05 2025 :: OLC Autosaving:
Fri Aug 29 13:31:05 2025 :: None.
Fri Aug 29 13:32:06 2025 :: OLC Autosaving:
Fri Aug 29 13:32:06 2025 :: None.
Fri Aug 29 13:32:54 2025 :: Log Om: edit room
Fri Aug 29 13:33:14 2025 :: Log Om: free
Fri Aug 29 13:35:02 2025 :: Log Om: edit obj create 944
Fri Aug 29 13:37:32 2025 :: Log Om: edit room
Fri Aug 29 13:37:45 2025 :: Build: Om: asave changed
Fri Aug 29 13:38:12 2025 :: OLC Autosaving:
Fri Aug 29 13:38:12 2025 :: None.
Fri Aug 29 13:39:13 2025 :: OLC Autosaving:
Fri Aug 29 13:39:13 2025 :: None.
Fri Aug 29 13:40:14 2025 :: OLC Autosaving:
Fri Aug 29 13:40:14 2025 :: None.
Fri Aug 29 13:41:16 2025 :: OLC Autosaving:
Fri Aug 29 13:41:16 2025 :: None.
Fri Aug 29 13:42:17 2025 :: OLC Autosaving:
Fri Aug 29 13:42:17 2025 :: None.
Fri Aug 29 13:43:18 2025 :: OLC Autosaving:
Fri Aug 29 13:43:18 2025 :: None.
Fri Aug 29 13:44:19 2025 :: OLC Autosaving:
Fri Aug 29 13:44:19 2025 :: None.
Fri Aug 29 13:45:20 2025 :: OLC Autosaving:
Fri Aug 29 13:45:20 2025 :: None.
Fri Aug 29 13:45:31 2025 :: Log Om: hotboot
Fri Aug 29 13:45:31 2025 :: Booting MARS
Fri Aug 29 13:45:31 2025 :: MARS continues to rock on port 3033.
Fri Aug 29 13:45:31 2025 :: Hotboot recovery initiated
Fri Aug 29 13:45:31 2025 :: Loading Om.
Fri Aug 29 13:45:31 2025 :: OLC Autosaving:
Fri Aug 29 13:45:31 2025 :: None.
Fri Aug 29 13:46:09 2025 :: Build: Om: asave world
Fri Aug 29 13:46:33 2025 :: OLC Autosaving:
Fri Aug 29 13:46:33 2025 :: None.
Fri Aug 29 13:47:34 2025 :: OLC Autosaving:
Fri Aug 29 13:47:34 2025 :: None.
Fri Aug 29 13:48:35 2025 :: OLC Autosaving:
Fri Aug 29 13:48:35 2025 :: None.
Fri Aug 29 13:49:36 2025 :: OLC Autosaving:
Fri Aug 29 13:49:36 2025 :: None.
Fri Aug 29 13:50:37 2025 :: OLC Autosaving:
Fri Aug 29 13:50:37 2025 :: None.
Fri Aug 29 13:51:38 2025 :: OLC Autosaving:
Fri Aug 29 13:51:38 2025 :: None.
Fri Aug 29 13:52:39 2025 :: OLC Autosaving:
Fri Aug 29 13:52:39 2025 :: None.
Fri Aug 29 13:53:40 2025 :: OLC Autosaving:
Fri Aug 29 13:53:40 2025 :: None.
Fri Aug 29 13:54:41 2025 :: OLC Autosaving:
Fri Aug 29 13:54:41 2025 :: None.
Fri Aug 29 13:55:42 2025 :: OLC Autosaving:
Fri Aug 29 13:55:42 2025 :: None.
Fri Aug 29 13:56:43 2025 :: OLC Autosaving:
Fri Aug 29 13:56:43 2025 :: None.
Fri Aug 29 13:57:44 2025 :: OLC Autosaving:
Fri Aug 29 13:57:44 2025 :: None.
Fri Aug 29 13:58:46 2025 :: OLC Autosaving:
Fri Aug 29 13:58:46 2025 :: None.
Fri Aug 29 13:59:47 2025 :: OLC Autosaving:
Fri Aug 29 13:59:47 2025 :: None.
Fri Aug 29 14:00:48 2025 :: OLC Autosaving:
Fri Aug 29 14:00:48 2025 :: None.
Fri Aug 29 14:01:49 2025 :: OLC Autosaving:
Fri Aug 29 14:01:49 2025 :: None.
Fri Aug 29 14:02:50 2025 :: OLC Autosaving:
Fri Aug 29 14:02:50 2025 :: None.
Fri Aug 29 14:03:21 2025 :: Log Om: hotboot
Fri Aug 29 14:03:21 2025 :: Booting MARS
Fri Aug 29 14:03:21 2025 :: [*****] BUG: load_donation_pits: # not found.
Fri Aug 29 14:03:21 2025 :: MARS continues to rock on port 3033.
Fri Aug 29 14:03:21 2025 :: Hotboot recovery initiated
Fri Aug 29 14:03:21 2025 :: Loading Om.
Fri Aug 29 14:03:21 2025 :: OLC Autosaving:
Fri Aug 29 14:03:21 2025 :: None.
