Wed Sep 17 18:32:23 2025 :: Booting MARS
Wed Sep 17 18:32:23 2025 :: MARS is ready to rock on port 3033.
Wed Sep 17 18:33:14 2025 :: Sock.sinaddr:  127.0.0.1
Wed Sep 17 18:33:16 2025 :: Loading Om.
Wed Sep 17 18:33:17 2025 :: Om@localhost has connected.
Wed Sep 17 18:33:24 2025 :: OLC Autosaving:
Wed Sep 17 18:33:24 2025 :: None.
Wed Sep 17 18:34:25 2025 :: OLC Autosaving:
Wed Sep 17 18:34:25 2025 :: None.
Wed Sep 17 18:35:26 2025 :: OLC Autosaving:
Wed Sep 17 18:35:26 2025 :: None.
Wed Sep 17 18:36:27 2025 :: OLC Autosaving:
Wed Sep 17 18:36:27 2025 :: None.
Wed Sep 17 18:37:28 2025 :: OLC Autosaving:
Wed Sep 17 18:37:28 2025 :: None.
Wed Sep 17 18:38:30 2025 :: OLC Autosaving:
Wed Sep 17 18:38:30 2025 :: None.
Wed Sep 17 18:39:31 2025 :: OLC Autosaving:
Wed Sep 17 18:39:31 2025 :: None.
Wed Sep 17 18:40:33 2025 :: OLC Autosaving:
Wed Sep 17 18:40:33 2025 :: None.
Wed Sep 17 18:41:34 2025 :: OLC Autosaving:
Wed Sep 17 18:41:34 2025 :: None.
Wed Sep 17 18:42:11 2025 :: Om has quit.
Wed Sep 17 18:42:18 2025 :: Sock.sinaddr:  127.0.0.1
Wed Sep 17 18:42:32 2025 :: Loading Om.
Wed Sep 17 18:42:34 2025 :: Om@localhost has connected.
Wed Sep 17 18:42:35 2025 :: OLC Autosaving:
Wed Sep 17 18:42:35 2025 :: None.
Wed Sep 17 18:42:37 2025 :: Log Om: shutdown
Wed Sep 17 18:42:37 2025 :: Closing link to Om.
Wed Sep 17 18:42:38 2025 :: Normal termination of game.
