Mon Sep 22 15:12:58 2025 :: Booting MARS
Mon Sep 22 15:12:58 2025 :: MARS is ready to rock on port 3036.
Mon Sep 22 15:13:16 2025 :: Sock.sinaddr:  127.0.0.1
Mon Sep 22 15:13:18 2025 :: Loading Om.
Mon Sep 22 15:13:21 2025 :: Om@localhost has connected.
Mon Sep 22 15:13:50 2025 :: Log Om: forcetick
Mon Sep 22 15:13:52 2025 :: Log Om: forcetick
Mon Sep 22 15:13:53 2025 :: Log Om: forcetick
Mon Sep 22 15:13:54 2025 :: Log Om: forcetick
Mon Sep 22 15:13:56 2025 :: Log Om: forcetick
Mon Sep 22 15:13:57 2025 :: Log Om: forcetick
Mon Sep 22 15:13:58 2025 :: Log Om: forcetick
Mon Sep 22 15:13:59 2025 :: OLC Autosaving:
Mon Sep 22 15:13:59 2025 :: None.
Mon Sep 22 15:14:00 2025 :: Log Om: forcetick
Mon Sep 22 15:14:04 2025 :: Log Om: forcetick
Mon Sep 22 15:14:05 2025 :: Log Om: forcetick
Mon Sep 22 15:14:07 2025 :: Log Om: forcetick
Mon Sep 22 15:14:08 2025 :: Log Om: forcetick
Mon Sep 22 15:14:09 2025 :: Log Om: forcetick
Mon Sep 22 15:14:10 2025 :: Log Om: forcetick
Mon Sep 22 15:14:11 2025 :: Log Om: forcetick
Mon Sep 22 15:14:11 2025 :: Log Om: forcetick
Mon Sep 22 15:14:12 2025 :: Log Om: forcetick
Mon Sep 22 15:14:13 2025 :: Log Om: forcetick
Mon Sep 22 15:14:49 2025 :: Log Om: edit room
Mon Sep 22 15:16:01 2025 :: OLC Autosaving:
Mon Sep 22 15:16:01 2025 ::                  academy - 'acadamy.are'
Mon Sep 22 15:16:11 2025 :: Log Om: edit room
Mon Sep 22 15:16:53 2025 :: Build: Om: asave world
Mon Sep 22 15:17:02 2025 :: OLC Autosaving:
Mon Sep 22 15:17:02 2025 :: None.
Mon Sep 22 15:18:04 2025 :: OLC Autosaving:
Mon Sep 22 15:18:04 2025 :: None.
Mon Sep 22 15:19:05 2025 :: OLC Autosaving:
Mon Sep 22 15:19:05 2025 :: None.
Mon Sep 22 15:20:06 2025 :: OLC Autosaving:
Mon Sep 22 15:20:06 2025 :: None.
Mon Sep 22 15:21:07 2025 :: OLC Autosaving:
Mon Sep 22 15:21:07 2025 :: None.
Mon Sep 22 15:22:08 2025 :: OLC Autosaving:
Mon Sep 22 15:22:08 2025 :: None.
Mon Sep 22 15:23:09 2025 :: OLC Autosaving:
Mon Sep 22 15:23:09 2025 :: None.
Mon Sep 22 15:24:10 2025 :: OLC Autosaving:
Mon Sep 22 15:24:10 2025 :: None.
Mon Sep 22 15:25:11 2025 :: OLC Autosaving:
Mon Sep 22 15:25:11 2025 :: None.
Mon Sep 22 15:26:12 2025 :: OLC Autosaving:
Mon Sep 22 15:26:12 2025 :: None.
Mon Sep 22 15:27:13 2025 :: OLC Autosaving:
Mon Sep 22 15:27:13 2025 :: None.
Mon Sep 22 15:28:14 2025 :: OLC Autosaving:
Mon Sep 22 15:28:14 2025 :: None.
Mon Sep 22 15:28:35 2025 :: Log Om: hotboot
Mon Sep 22 15:28:35 2025 :: Booting MARS
Mon Sep 22 15:28:35 2025 :: MARS continues to rock on port 3036.
Mon Sep 22 15:28:35 2025 :: Hotboot recovery initiated
Mon Sep 22 15:28:35 2025 :: Loading Om.
Mon Sep 22 15:28:35 2025 :: OLC Autosaving:
Mon Sep 22 15:28:35 2025 :: None.
Mon Sep 22 15:28:38 2025 :: Log Om: shutdown
Mon Sep 22 15:28:38 2025 :: Closing link to Om.
Mon Sep 22 15:28:39 2025 :: Normal termination of game.
