Sat Oct  2 05:33:10 2021 :: Om awarded 25 qp, total 25.
Sat Oct  2 05:33:18 2021 :: Om awarded 25 qp, total 50.
Sat Oct  2 05:33:18 2021 :: Om awarded 25 qp, total 75.
Sat Oct  2 05:33:19 2021 :: Om awarded 25 qp, total 100.
Sat Oct  2 05:33:19 2021 :: Om awarded 25 qp, total 125.
Sat Oct  2 05:33:19 2021 :: Om awarded 25 qp, total 150.
Sat Oct  2 05:33:20 2021 :: Om awarded 25 qp, total 175.
Sat Oct  2 05:33:20 2021 :: Om awarded 25 qp, total 200.
Sat Oct  2 05:33:20 2021 :: Om awarded 25 qp, total 225.
Sat Oct  2 05:33:20 2021 :: Om awarded 25 qp, total 250.
Sat Oct  2 05:33:21 2021 :: Om awarded 25 qp, total 275.
Sat Oct  2 05:33:21 2021 :: Om awarded 25 qp, total 300.
Sat Oct  2 05:33:26 2021 :: Om awarded 25 qp, total 325.
Sat Oct  2 05:33:26 2021 :: Om awarded 25 qp, total 350.
Sat Oct  2 05:33:26 2021 :: Om awarded 25 qp, total 375.
Sat Oct  2 05:33:27 2021 :: Om awarded 25 qp, total 400.
Sat Oct  2 05:33:27 2021 :: Om awarded 25 qp, total 425.
Sat Oct  2 05:33:27 2021 :: Om awarded 25 qp, total 450.
Sat Oct  2 05:33:27 2021 :: Om awarded 25 qp, total 475.
Sat Oct  2 05:33:28 2021 :: Om awarded 25 qp, total 500.
Sat Oct  2 05:33:28 2021 :: Om awarded 25 qp, total 525.
Sat Oct  2 05:33:28 2021 :: Om awarded 25 qp, total 550.
Sat Oct  2 05:33:28 2021 :: Om awarded 25 qp, total 575.
Sat Oct  2 05:33:29 2021 :: Om awarded 25 qp, total 600.
Sat Oct  2 05:33:29 2021 :: Om awarded 25 qp, total 625.
Sat Oct  2 05:33:29 2021 :: Om awarded 25 qp, total 650.
Sat Oct  2 05:33:29 2021 :: Om awarded 25 qp, total 675.
Sat Oct  2 05:33:30 2021 :: Om awarded 25 qp, total 700.
Sat Oct  2 05:33:30 2021 :: Om awarded 25 qp, total 725.
Sat Oct  2 05:33:30 2021 :: Om awarded 25 qp, total 750.
Sat Oct  2 05:33:30 2021 :: Om awarded 25 qp, total 775.
Sat Oct  2 05:33:31 2021 :: Om awarded 25 qp, total 800.
Sat Oct  2 05:33:31 2021 :: Om awarded 25 qp, total 825.
Sat Oct  2 05:33:31 2021 :: Om awarded 25 qp, total 850.
Sat Oct  2 05:33:31 2021 :: Om awarded 25 qp, total 875.
Sat Oct  2 05:33:32 2021 :: Om awarded 25 qp, total 900.
Sat Oct  2 05:33:32 2021 :: Om awarded 25 qp, total 925.
Sat Oct  2 05:33:32 2021 :: Om awarded 25 qp, total 950.
Sat Oct  2 05:33:32 2021 :: Om awarded 25 qp, total 975.
Sat Oct  2 05:33:33 2021 :: Om awarded 25 qp, total 1000.
Sat Oct  2 05:33:33 2021 :: Om awarded 25 qp, total 1025.
Sat Oct  2 05:33:33 2021 :: Om awarded 25 qp, total 1050.
Sat Oct  2 05:33:33 2021 :: Om awarded 25 qp, total 1075.
Sat Oct  2 05:33:34 2021 :: Om awarded 25 qp, total 1100.
Sat Oct  2 05:33:34 2021 :: Om awarded 25 qp, total 1125.
Sat Oct  2 05:33:34 2021 :: Om awarded 25 qp, total 1150.
Sat Oct  2 05:33:34 2021 :: Om awarded 25 qp, total 1175.
Sat Oct  2 05:33:35 2021 :: Om awarded 25 qp, total 1200.
Sat Oct  2 05:33:35 2021 :: Om awarded 25 qp, total 1225.
Sat Oct  2 05:33:49 2021 :: Om awarded 25 qp, total 1250.
Sat Oct  2 05:33:49 2021 :: Om awarded 25 qp, total 1275.
Sat Oct  2 05:33:55 2021 :: Om denied Quest
Sat Oct  2 05:34:01 2021 :: Om awarded 25 qp, total 1300.
Sat Oct  2 05:34:02 2021 :: Om awarded 25 qp, total 1325.
Sat Oct  2 05:34:03 2021 :: Om awarded 25 qp, total 1350.
Sat Oct  2 05:34:03 2021 :: Om awarded 25 qp, total 1375.
Sat Oct  2 05:34:03 2021 :: Om awarded 25 qp, total 1400.
Sat Oct  2 05:34:03 2021 :: Om awarded 25 qp, total 1425.
Sat Oct  2 05:34:04 2021 :: Om awarded 25 qp, total 1450.
Sat Oct  2 05:34:04 2021 :: Om awarded 25 qp, total 1475.
Sat Oct  2 05:34:04 2021 :: Om awarded 25 qp, total 1500.
Sat Oct  2 05:34:04 2021 :: Om awarded 25 qp, total 1525.
Sat Oct  2 05:34:05 2021 :: Om awarded 25 qp, total 1550.
Sat Oct  2 05:34:05 2021 :: Om awarded 25 qp, total 1575.
Sat Oct  2 05:34:05 2021 :: Om awarded 25 qp, total 1600.
Sat Oct  2 05:34:06 2021 :: Om awarded 25 qp, total 1625.
Sat Oct  2 05:34:06 2021 :: Om awarded 25 qp, total 1650.
Sat Oct  2 05:34:06 2021 :: Om awarded 25 qp, total 1675.
Sat Oct  2 05:34:06 2021 :: Om awarded 25 qp, total 1700.
Sat Oct  2 05:34:07 2021 :: Om awarded 25 qp, total 1725.
Sat Oct  2 05:34:07 2021 :: Om awarded 25 qp, total 1750.
Sat Oct  2 05:34:07 2021 :: Om awarded 25 qp, total 1775.
Sat Oct  2 05:34:07 2021 :: Om awarded 25 qp, total 1800.
Sat Oct  2 05:34:08 2021 :: Om awarded 25 qp, total 1825.
Sat Oct  2 05:34:08 2021 :: Om awarded 25 qp, total 1850.
Sat Oct  2 05:34:08 2021 :: Om awarded 25 qp, total 1875.
Sat Oct  2 05:34:08 2021 :: Om awarded 25 qp, total 1900.
Sat Oct  2 05:34:09 2021 :: Om awarded 25 qp, total 1925.
Sat Oct  2 05:34:09 2021 :: Om awarded 25 qp, total 1950.
Sat Oct  2 05:34:09 2021 :: Om awarded 25 qp, total 1975.
Sat Oct  2 05:34:09 2021 :: Om awarded 25 qp, total 2000.
Sat Oct  2 05:34:10 2021 :: Om awarded 25 qp, total 2025.
Sat Oct  2 05:34:10 2021 :: Om awarded 25 qp, total 2050.
Sat Oct  2 05:34:10 2021 :: Om awarded 25 qp, total 2075.
Sat Oct  2 05:34:10 2021 :: Om awarded 25 qp, total 2100.
Sat Oct  2 05:34:11 2021 :: Om awarded 25 qp, total 2125.
Sat Oct  2 05:34:11 2021 :: Om awarded 25 qp, total 2150.
Sat Oct  2 05:34:11 2021 :: Om awarded 25 qp, total 2175.
Sat Oct  2 05:34:11 2021 :: Om awarded 25 qp, total 2200.
Sat Oct  2 05:34:12 2021 :: Om awarded 25 qp, total 2225.
Sat Oct  2 05:34:12 2021 :: Om awarded 25 qp, total 2250.
Sat Oct  2 05:34:12 2021 :: Om awarded 25 qp, total 2275.
Sat Oct  2 05:34:12 2021 :: Om awarded 25 qp, total 2300.
Sat Oct  2 05:34:13 2021 :: Om awarded 25 qp, total 2325.
Sat Oct  2 05:34:13 2021 :: Om awarded 25 qp, total 2350.
Sat Oct  2 05:34:13 2021 :: Om awarded 25 qp, total 2375.
Sat Oct  2 05:34:13 2021 :: Om awarded 25 qp, total 2400.
Sat Oct  2 05:34:14 2021 :: Om awarded 25 qp, total 2425.
Sat Oct  2 05:34:14 2021 :: Om awarded 25 qp, total 2450.
Sat Oct  2 05:34:14 2021 :: Om awarded 25 qp, total 2475.
Sat Oct  2 05:34:14 2021 :: Om awarded 25 qp, total 2500.
Sat Oct  2 05:34:15 2021 :: Om awarded 25 qp, total 2525.
Sat Oct  2 05:34:15 2021 :: Om awarded 25 qp, total 2550.
Sat Oct  2 05:34:15 2021 :: Om awarded 25 qp, total 2575.
Sat Oct  2 05:34:15 2021 :: Om awarded 25 qp, total 2600.
Sat Oct  2 05:34:16 2021 :: Om awarded 25 qp, total 2625.
Sat Oct  2 05:34:16 2021 :: Om awarded 25 qp, total 2650.
Sat Oct  2 05:34:16 2021 :: Om awarded 25 qp, total 2675.
Sat Oct  2 05:34:16 2021 :: Om awarded 25 qp, total 2700.
Sat Oct  2 05:34:17 2021 :: Om awarded 25 qp, total 2725.
Sat Oct  2 05:34:17 2021 :: Om awarded 25 qp, total 2750.
Sat Oct  2 05:34:17 2021 :: Om awarded 25 qp, total 2775.
Sat Oct  2 05:34:17 2021 :: Om awarded 25 qp, total 2800.
Sat Oct  2 05:34:18 2021 :: Om awarded 25 qp, total 2825.
Sat Oct  2 05:34:18 2021 :: Om awarded 25 qp, total 2850.
Sat Oct  2 05:34:29 2021 :: Om spends 2000 quest points, total 850.
Sun Oct  3 19:43:30 2021 :: Om awarded 1000 qp, total 1850.
Sun Oct  3 19:43:32 2021 :: Om awarded 1000 qp, total 2850.
Sun Oct  3 19:43:38 2021 :: Om awarded 1000 qp, total 3850.
Sun Oct  3 19:43:39 2021 :: Om awarded 1000 qp, total 4850.
Sun Oct  3 19:43:39 2021 :: Om awarded 1000 qp, total 5850.
Sun Oct  3 19:43:40 2021 :: Om awarded 1000 qp, total 6850.
Sun Oct  3 19:43:40 2021 :: Om awarded 1000 qp, total 7850.
Sun Oct  3 19:43:40 2021 :: Om awarded 1000 qp, total 8850.
Sun Oct  3 19:43:40 2021 :: Om awarded 1000 qp, total 9850.
Sun Oct  3 19:43:41 2021 :: Om awarded 1000 qp, total 10850.
Sun Oct  3 19:43:41 2021 :: Om awarded 1000 qp, total 11850.
Sun Oct  3 19:43:42 2021 :: Om awarded 1000 qp, total 12850.
Sun Oct  3 19:44:13 2021 :: Om spends 1000 quest points, total 11850.
Sun Oct  3 19:44:17 2021 :: Om spends 1000 quest points, total 10850.
Sun Oct  3 19:44:21 2021 :: Om spends 1000 quest points, total 9850.
Sun Oct  3 19:44:23 2021 :: Om spends 1000 quest points, total 8850.
Sun Oct  3 19:44:26 2021 :: Om spends 1000 quest points, total 7850.
Sun Oct  3 19:44:35 2021 :: Om spends 1000 quest points, total 6850.
Sun Oct  3 19:44:36 2021 :: Om spends 1000 quest points, total 5850.
Sun Oct  3 19:44:56 2021 :: Om spends 1000 quest points, total 4850.
Sun Oct  3 19:45:00 2021 :: Om spends 1000 quest points, total 3850.
Sun Oct  3 19:45:07 2021 :: Om spends 1000 quest points, total 2850.
Sun Oct  3 20:53:30 2021 :: Alcinious denied Quest
Sun Oct  3 20:59:24 2021 :: Alcinious denied Quest
Sun Oct  3 21:04:24 2021 :: Alcinious denied Quest
Sun Oct  3 21:04:32 2021 :: Alcinious denied Quest
Sun Oct  3 21:13:46 2021 :: Alcinious denied Quest
Sun Oct  3 21:14:02 2021 :: Alcinious awarded 2500 qp, total 2500.
Sun Oct  3 21:14:03 2021 :: Alcinious awarded 2500 qp, total 5000.
Sun Oct  3 21:14:04 2021 :: Alcinious awarded 2500 qp, total 7500.
Sun Oct  3 21:14:05 2021 :: Alcinious awarded 2500 qp, total 10000.
Sun Oct  3 21:14:06 2021 :: Alcinious awarded 2500 qp, total 12500.
Sun Oct  3 21:14:07 2021 :: Alcinious awarded 2500 qp, total 15000.
Sun Oct  3 21:14:08 2021 :: Alcinious awarded 2500 qp, total 17500.
Sun Oct  3 21:14:08 2021 :: Alcinious awarded 2500 qp, total 20000.
Sun Oct  3 21:14:09 2021 :: Alcinious awarded 2500 qp, total 22500.
Sun Oct  3 21:14:10 2021 :: Alcinious awarded 2500 qp, total 25000.
Sun Oct  3 21:14:16 2021 :: Alcinious spends 1000 quest points, total 24000.
Sun Oct  3 21:14:20 2021 :: Alcinious spends 1000 quest points, total 23000.
Sun Oct  3 21:14:21 2021 :: Alcinious spends 1000 quest points, total 22000.
Sun Oct  3 21:14:24 2021 :: Alcinious spends 1000 quest points, total 21000.
Sun Oct  3 21:14:25 2021 :: Alcinious spends 1000 quest points, total 20000.
Sun Oct  3 21:14:28 2021 :: Alcinious spends 1000 quest points, total 19000.
Sun Oct  3 21:14:31 2021 :: Alcinious spends 1000 quest points, total 18000.
Sun Oct  3 21:14:32 2021 :: Alcinious spends 1000 quest points, total 17000.
Sun Oct  3 21:14:37 2021 :: Alcinious spends 1000 quest points, total 16000.
Sun Oct  3 21:14:41 2021 :: Alcinious spends 1000 quest points, total 15000.
Sun Oct  3 21:14:45 2021 :: Alcinious spends 1000 quest points, total 14000.
Sun Oct  3 21:15:36 2021 :: Alcinious denied Quest
Sun Oct  3 21:17:33 2021 :: Alcinious spends 1000 quest points, total 13000.
Sun Oct  3 21:23:01 2021 :: Alcinious spends 1000 quest points, total 12000.
Sun Oct  3 21:34:13 2021 :: Alcinious denied Quest
Mon Oct  4 03:14:36 2021 :: Gharst denied Quest
Mon Oct  4 03:14:51 2021 :: Gharst awarded 2500 qp, total 2500.
Mon Oct  4 03:14:53 2021 :: Gharst awarded 2500 qp, total 5000.
Mon Oct  4 03:14:53 2021 :: Gharst awarded 2500 qp, total 7500.
Mon Oct  4 03:14:54 2021 :: Gharst awarded 2500 qp, total 10000.
Mon Oct  4 03:14:55 2021 :: Gharst awarded 2500 qp, total 12500.
Mon Oct  4 03:14:55 2021 :: Gharst awarded 2500 qp, total 15000.
Mon Oct  4 03:14:56 2021 :: Gharst awarded 2500 qp, total 17500.
Mon Oct  4 03:14:56 2021 :: Gharst awarded 2500 qp, total 20000.
Mon Oct  4 03:14:57 2021 :: Gharst awarded 2500 qp, total 22500.
Mon Oct  4 03:15:05 2021 :: Gharst spends 1000 quest points, total 21500.
Mon Oct  4 03:15:07 2021 :: Gharst spends 1000 quest points, total 20500.
Mon Oct  4 03:15:11 2021 :: Gharst spends 1000 quest points, total 19500.
Mon Oct  4 03:15:12 2021 :: Gharst spends 1000 quest points, total 18500.
Mon Oct  4 03:15:16 2021 :: Gharst spends 1000 quest points, total 17500.
Mon Oct  4 03:15:16 2021 :: Gharst spends 1000 quest points, total 16500.
Mon Oct  4 03:15:24 2021 :: Gharst spends 1000 quest points, total 15500.
Mon Oct  4 03:15:27 2021 :: Gharst spends 1000 quest points, total 14500.
Mon Oct  4 03:15:28 2021 :: Gharst spends 1000 quest points, total 13500.
Mon Oct  4 03:15:32 2021 :: Gharst spends 1000 quest points, total 12500.
Mon Oct  4 03:15:38 2021 :: Gharst spends 1000 quest points, total 11500.
Mon Oct  4 03:15:41 2021 :: Gharst spends 1000 quest points, total 10500.
Thu Oct  7 22:12:01 2021 :: Tailtest awarded 1000 qp, total 1000.
Thu Oct  7 22:12:07 2021 :: Tailtest awarded 2500 qp, total 3500.
Thu Oct  7 22:12:08 2021 :: Tailtest awarded 2500 qp, total 6000.
Thu Oct  7 22:12:09 2021 :: Tailtest awarded 2500 qp, total 8500.
Thu Oct  7 22:12:09 2021 :: Tailtest awarded 2500 qp, total 11000.
Thu Oct  7 22:12:09 2021 :: Tailtest awarded 2500 qp, total 13500.
Thu Oct  7 22:12:10 2021 :: Tailtest awarded 2500 qp, total 16000.
Thu Oct  7 22:12:24 2021 :: Tailtest spends 1000 quest points, total 15000.
Thu Oct  7 22:12:29 2021 :: Tailtest spends 1000 quest points, total 14000.
Thu Oct  7 22:12:30 2021 :: Tailtest spends 1000 quest points, total 13000.
Thu Oct  7 22:12:33 2021 :: Tailtest spends 1000 quest points, total 12000.
Thu Oct  7 22:12:34 2021 :: Tailtest spends 1000 quest points, total 11000.
Thu Oct  7 22:12:37 2021 :: Tailtest spends 1000 quest points, total 10000.
Thu Oct  7 22:12:39 2021 :: Tailtest spends 1000 quest points, total 9000.
Thu Oct  7 22:12:40 2021 :: Tailtest spends 1000 quest points, total 8000.
Thu Oct  7 22:12:46 2021 :: Tailtest spends 1000 quest points, total 7000.
Thu Oct  7 22:12:50 2021 :: Tailtest spends 1000 quest points, total 6000.
Thu Oct  7 22:12:54 2021 :: Tailtest spends 1000 quest points, total 5000.
Thu Oct  7 22:12:57 2021 :: Tailtest spends 1000 quest points, total 4000.
Thu Oct 14 19:17:54 2021 :: Om spends 1000 quest points, total 1850.
Thu Oct 14 21:12:45 2021 :: Om spends 1000 quest points, total 850.
Thu Oct 14 21:13:15 2021 :: Om awarded 2500 qp, total 3350.
Thu Oct 14 21:13:17 2021 :: Om awarded 2500 qp, total 5850.
Thu Oct 14 21:13:18 2021 :: Om awarded 2500 qp, total 8350.
Thu Oct 14 21:13:18 2021 :: Om awarded 2500 qp, total 10850.
Thu Oct 14 21:13:18 2021 :: Om awarded 2500 qp, total 13350.
Thu Oct 14 21:13:19 2021 :: Om awarded 2500 qp, total 15850.
Thu Oct 14 21:13:19 2021 :: Om awarded 2500 qp, total 18350.
Thu Oct 14 21:13:19 2021 :: Om awarded 2500 qp, total 20850.
Thu Oct 14 21:13:19 2021 :: Om awarded 2500 qp, total 23350.
Thu Oct 14 21:13:20 2021 :: Om awarded 2500 qp, total 25850.
Thu Oct 14 21:13:20 2021 :: Om awarded 2500 qp, total 28350.
Thu Oct 14 21:13:20 2021 :: Om awarded 2500 qp, total 30850.
Thu Oct 14 21:13:20 2021 :: Om awarded 2500 qp, total 33350.
Thu Oct 14 21:13:21 2021 :: Om awarded 2500 qp, total 35850.
Thu Oct 14 21:13:21 2021 :: Om awarded 2500 qp, total 38350.
Thu Oct 14 21:13:21 2021 :: Om awarded 2500 qp, total 40850.
Thu Oct 14 21:13:21 2021 :: Om awarded 2500 qp, total 43350.
Thu Oct 14 21:13:22 2021 :: Om awarded 2500 qp, total 45850.
Thu Oct 14 21:13:22 2021 :: Om awarded 2500 qp, total 48350.
Thu Oct 14 21:13:22 2021 :: Om awarded 2500 qp, total 50850.
Thu Oct 14 21:13:22 2021 :: Om awarded 2500 qp, total 53350.
Thu Oct 14 21:13:23 2021 :: Om awarded 2500 qp, total 55850.
Thu Oct 14 21:13:28 2021 :: Om spends 1000 quest points, total 54850.
Thu Oct 14 21:13:35 2021 :: Om spends 1000 quest points, total 53850.
Thu Oct 14 21:13:36 2021 :: Om spends 1000 quest points, total 52850.
Thu Oct 14 21:13:42 2021 :: Om spends 1000 quest points, total 51850.
Thu Oct 14 21:13:50 2021 :: Om spends 1000 quest points, total 50850.
Thu Oct 14 21:13:56 2021 :: Om spends 1000 quest points, total 49850.
Thu Oct 14 21:14:01 2021 :: Om spends 1000 quest points, total 48850.
Thu Oct 14 21:14:05 2021 :: Om spends 1000 quest points, total 47850.
Thu Oct 14 21:14:16 2021 :: Om spends 1000 quest points, total 46850.
Thu Oct 14 21:14:18 2021 :: Om spends 1000 quest points, total 45850.
Thu Oct 14 21:14:25 2021 :: Om spends 1000 quest points, total 44850.
Thu Oct 14 21:14:30 2021 :: Om spends 1000 quest points, total 43850.
Thu Oct 14 21:14:46 2021 :: Om spends 1000 quest points, total 42850.
Thu Oct 14 21:14:51 2021 :: Om spends 1000 quest points, total 41850.
Thu Oct 14 21:14:57 2021 :: Om spends 1000 quest points, total 40850.
Thu Oct 14 21:15:01 2021 :: Om spends 1000 quest points, total 39850.
Thu Oct 14 21:15:04 2021 :: Om spends 1000 quest points, total 38850.
Thu Oct 14 21:15:25 2021 :: Om spends 1000 quest points, total 37850.
Thu Oct 14 21:16:05 2021 :: Om spends 1000 quest points, total 36850.
Thu Oct 14 21:16:12 2021 :: Om spends 1000 quest points, total 35850.
Thu Oct 14 21:17:35 2021 :: Om spends 1000 quest points, total 34850.
Fri Oct 15 06:44:26 2021 :: Om awarded 2500 qp, total 2500.
Fri Oct 15 06:44:27 2021 :: Om awarded 2500 qp, total 5000.
Fri Oct 15 06:44:28 2021 :: Om awarded 2500 qp, total 7500.
Fri Oct 15 06:44:29 2021 :: Om awarded 2500 qp, total 10000.
Fri Oct 15 06:44:33 2021 :: Om awarded 2500 qp, total 12500.
Fri Oct 15 06:44:34 2021 :: Om awarded 2500 qp, total 15000.
Fri Oct 15 06:44:34 2021 :: Om awarded 2500 qp, total 17500.
Fri Oct 15 06:44:35 2021 :: Om awarded 2500 qp, total 20000.
Fri Oct 15 06:44:35 2021 :: Om awarded 2500 qp, total 22500.
Fri Oct 15 06:44:35 2021 :: Om awarded 2500 qp, total 25000.
Fri Oct 15 06:44:38 2021 :: Om awarded 2500 qp, total 27500.
Fri Oct 15 06:44:39 2021 :: Om awarded 2500 qp, total 30000.
Fri Oct 15 06:44:39 2021 :: Om awarded 2500 qp, total 32500.
Fri Oct 15 06:44:40 2021 :: Om awarded 2500 qp, total 35000.
Fri Oct 15 06:44:40 2021 :: Om awarded 2500 qp, total 37500.
Fri Oct 15 06:44:40 2021 :: Om awarded 2500 qp, total 40000.
Fri Oct 15 06:44:42 2021 :: Om awarded 2500 qp, total 42500.
Fri Oct 15 06:44:42 2021 :: Om awarded 2500 qp, total 45000.
Fri Oct 15 06:44:42 2021 :: Om awarded 2500 qp, total 47500.
Fri Oct 15 06:44:42 2021 :: Om awarded 2500 qp, total 50000.
Fri Oct 15 06:44:43 2021 :: Om awarded 2500 qp, total 52500.
Fri Oct 15 06:44:43 2021 :: Om awarded 2500 qp, total 55000.
Fri Oct 15 06:45:11 2021 :: Om spends 1000 quest points, total 54000.
Fri Oct 15 06:45:12 2021 :: Om spends 1000 quest points, total 53000.
Fri Oct 15 06:45:21 2021 :: Om spends 1000 quest points, total 52000.
Fri Oct 15 06:45:22 2021 :: Om spends 1000 quest points, total 51000.
Fri Oct 15 06:45:31 2021 :: Om spends 1000 quest points, total 50000.
Fri Oct 15 06:45:34 2021 :: Om spends 1000 quest points, total 49000.
Fri Oct 15 06:45:35 2021 :: Om spends 1000 quest points, total 48000.
Fri Oct 15 06:45:44 2021 :: Om spends 1000 quest points, total 47000.
Fri Oct 15 06:45:48 2021 :: Om spends 1000 quest points, total 46000.
Fri Oct 15 06:45:54 2021 :: Om spends 1000 quest points, total 45000.
Fri Oct 15 06:45:58 2021 :: Om spends 1000 quest points, total 44000.
Fri Oct 15 06:46:06 2021 :: Om spends 1000 quest points, total 43000.
Fri Oct 15 06:46:08 2021 :: Om spends 1000 quest points, total 42000.
Fri Oct 15 06:46:09 2021 :: Om spends 1000 quest points, total 41000.
Fri Oct 15 06:46:18 2021 :: Om spends 1000 quest points, total 40000.
Fri Oct 15 06:46:24 2021 :: Om spends 1000 quest points, total 39000.
Fri Oct 15 06:46:27 2021 :: Om spends 1000 quest points, total 38000.
Fri Oct 15 06:46:29 2021 :: Om spends 1000 quest points, total 37000.
Fri Oct 15 06:46:33 2021 :: Om spends 1000 quest points, total 36000.
Fri Oct 15 06:46:36 2021 :: Om spends 1000 quest points, total 35000.
Fri Oct 15 06:46:39 2021 :: Om spends 1000 quest points, total 34000.
Fri Oct 15 06:46:40 2021 :: Om spends 1000 quest points, total 33000.
Fri Oct 15 06:46:46 2021 :: Om spends 1000 quest points, total 32000.
Fri Oct 15 06:46:48 2021 :: Om spends 1000 quest points, total 31000.
Fri Oct 15 06:46:54 2021 :: Om spends 1000 quest points, total 30000.
Fri Oct 15 06:46:57 2021 :: Om spends 1000 quest points, total 29000.
Fri Oct 15 06:47:02 2021 :: Om spends 1000 quest points, total 28000.
Fri Oct 15 06:47:12 2021 :: Om spends 1000 quest points, total 27000.
Fri Oct 15 06:53:50 2021 :: Om spends 1000 quest points, total 26000.
Fri Oct 15 06:53:54 2021 :: Om spends 1000 quest points, total 25000.
Fri Oct 15 06:53:56 2021 :: Om spends 1000 quest points, total 24000.
Fri Oct 15 06:53:59 2021 :: Om spends 1000 quest points, total 23000.
Fri Oct 15 06:54:00 2021 :: Om spends 1000 quest points, total 22000.
Fri Oct 15 06:54:03 2021 :: Om spends 1000 quest points, total 21000.
Fri Oct 15 06:54:03 2021 :: Om spends 1000 quest points, total 20000.
Fri Oct 15 06:54:07 2021 :: Om spends 1000 quest points, total 19000.
Fri Oct 15 06:54:07 2021 :: Om spends 1000 quest points, total 18000.
Fri Oct 15 06:54:11 2021 :: Om spends 1000 quest points, total 17000.
Fri Oct 15 06:54:15 2021 :: Om spends 1000 quest points, total 16000.
Fri Oct 15 06:54:19 2021 :: Om spends 1000 quest points, total 15000.
Fri Oct 15 06:54:23 2021 :: Om spends 1000 quest points, total 14000.
Fri Oct 15 06:54:25 2021 :: Om spends 1000 quest points, total 13000.
Fri Oct 15 06:54:32 2021 :: Om spends 1000 quest points, total 12000.
Fri Oct 15 06:54:38 2021 :: Om spends 1000 quest points, total 11000.
Fri Oct 15 06:54:43 2021 :: Om spends 1000 quest points, total 10000.
Fri Oct 15 06:54:48 2021 :: Om spends 1000 quest points, total 9000.
Fri Oct 15 06:54:52 2021 :: Om spends 1000 quest points, total 8000.
Fri Oct 15 06:55:02 2021 :: Om spends 1000 quest points, total 7000.
Fri Oct 15 06:55:03 2021 :: Om spends 1000 quest points, total 6000.
Fri Oct 15 06:55:06 2021 :: Om spends 1000 quest points, total 5000.
Fri Oct 15 06:55:09 2021 :: Om spends 1000 quest points, total 4000.
Fri Oct 15 06:55:12 2021 :: Om spends 1000 quest points, total 3000.
Fri Oct 15 06:55:18 2021 :: Om spends 1000 quest points, total 2000.
Fri Oct 15 06:55:20 2021 :: Om spends 1000 quest points, total 1000.
Fri Oct 15 06:55:37 2021 :: Om spends 1000 quest points, total 0.
Sat Oct 16 04:14:22 2021 :: Om awarded 2500 qp, total 2500.
Sun Oct 17 03:52:57 2021 :: Ohm awarded 2500 qp, total 2500.
Sun Oct 17 03:53:03 2021 :: Ohm spends 1000 quest points, total 1500.
Tue Oct 19 04:02:48 2021 :: Om denied Quest
Tue Oct 19 04:03:22 2021 :: Testcanc denied Quest
Sat Oct 30 23:06:28 2021 :: Om denied Quest
Tue Nov  2 01:18:05 2021 :: Om spends 1000 quest points, total 1500.
Tue Nov  2 04:34:49 2021 :: Testnewb denied Quest
Tue Nov  2 04:37:39 2021 :: Testnewb denied Quest
Sun Sep 10 13:43:06 2023 :: Om spends 1000 quest points, total 9000.
Tue Sep 12 13:11:37 2023 :: Ohm spends 1000 quest points, total 24000.
Tue Sep 12 13:11:50 2023 :: Ohm spends 500 quest points, total 23500.
Tue Sep 12 13:12:06 2023 :: Ohm spends 500 quest points, total 23000.
Tue Sep 12 13:12:07 2023 :: Ohm spends 500 quest points, total 22500.
Tue Sep 12 13:12:16 2023 :: Ohm spends 500 quest points, total 22000.
Tue Sep 12 13:12:17 2023 :: Ohm spends 500 quest points, total 21500.
Tue Sep 12 13:12:40 2023 :: Ohm spends 1000 quest points, total 20500.
Tue Sep 12 13:12:42 2023 :: Ohm spends 250 quest points, total 20250.
Tue Sep 12 13:12:43 2023 :: Ohm spends 250 quest points, total 20000.
Tue Sep 12 13:12:54 2023 :: Ohm spends 100 quest points, total 19900.
Tue Sep 12 13:12:57 2023 :: Ohm spends 250 quest points, total 19650.
Tue Sep 12 13:13:05 2023 :: Ohm spends 1000 quest points, total 18650.
Tue Sep 12 13:13:07 2023 :: Ohm spends 750 quest points, total 17900.
Tue Sep 12 13:13:25 2023 :: Ohm spends 500 quest points, total 17400.
Tue Sep 12 13:13:31 2023 :: Ohm spends 1000 quest points, total 16400.
Tue Sep 12 13:13:37 2023 :: Ohm spends 500 quest points, total 15900.
Tue Sep 12 13:13:51 2023 :: Ohm spends 250 quest points, total 15650.
Tue Sep 12 13:13:52 2023 :: Ohm spends 250 quest points, total 15400.
Tue Sep 12 13:14:00 2023 :: Ohm spends 1000 quest points, total 14400.
Tue Sep 12 13:14:32 2023 :: Ohm spends 1000 quest points, total 13400.
Tue Sep 12 13:14:36 2023 :: Ohm spends 1000 quest points, total 12400.
Tue Sep 12 13:14:51 2023 :: Ohm spends 1000 quest points, total 11400.
Tue Sep 12 13:15:09 2023 :: Ohm spends 15000 quest points, total 10000.
Tue Sep 12 13:15:23 2023 :: Ohm spends 10000 quest points, total 0.
Tue Sep 12 13:15:47 2023 :: Ohm spends 200 quest points, total 24800.
Tue Sep 12 13:15:50 2023 :: Ohm spends 500 quest points, total 24300.
Tue Sep 12 13:16:35 2023 :: Ohm spends 500 quest points, total 23800.
Thu Sep 14 13:42:31 2023 :: Om denied Quest
Mon May 13 20:35:43 2024 :: Om spends 750 quest points, total 17500.
Thu May 16 20:31:51 2024 :: Praesius awarded 1000 qp, total 1000.
Thu May 16 20:31:53 2024 :: Praesius awarded 1000 qp, total 2000.
Thu May 16 20:33:32 2024 :: Praesius spends 10 quest points, total 1990.
Thu May 16 20:34:10 2024 :: Praesius spends 1000 quest points, total 990.
Thu May 16 20:34:42 2024 :: Praesius awarded 2500 qp, total 3490.
Thu May 16 20:34:43 2024 :: Praesius awarded 2500 qp, total 5990.
Thu May 16 20:34:43 2024 :: Praesius awarded 2500 qp, total 8490.
Thu May 16 20:34:44 2024 :: Praesius awarded 2500 qp, total 10990.
Thu May 16 20:34:44 2024 :: Praesius awarded 2500 qp, total 13490.
Thu May 16 20:34:45 2024 :: Praesius awarded 2500 qp, total 15990.
Thu May 16 20:34:45 2024 :: Praesius awarded 2500 qp, total 18490.
Thu May 16 20:34:46 2024 :: Praesius awarded 2500 qp, total 20990.
Thu May 16 20:34:46 2024 :: Praesius awarded 2500 qp, total 23490.
Thu May 16 20:34:46 2024 :: Praesius awarded 2500 qp, total 25990.
Thu May 16 20:34:47 2024 :: Praesius awarded 2500 qp, total 28490.
Thu May 16 20:35:26 2024 :: Praesius spends 10000 quest points, total 18490.
Thu May 16 20:36:01 2024 :: Praesius spends 500 quest points, total 17990.
Thu May 16 20:36:02 2024 :: Praesius spends 500 quest points, total 17490.
Thu May 16 20:36:14 2024 :: Praesius spends 250 quest points, total 17240.
Thu May 16 20:36:15 2024 :: Praesius spends 250 quest points, total 16990.
Thu May 16 20:36:50 2024 :: Praesius spends 10000 quest points, total 6990.
Thu May 23 21:32:38 2024 :: Om awarded 2500 qp, total 20000.
Thu May 23 21:32:39 2024 :: Om awarded 2500 qp, total 22500.
Thu May 23 21:32:39 2024 :: Om awarded 2500 qp, total 25000.
Thu May 23 21:32:40 2024 :: Om awarded 2500 qp, total 27500.
Thu May 23 21:32:40 2024 :: Om awarded 2500 qp, total 30000.
Thu May 23 21:32:40 2024 :: Om awarded 2500 qp, total 32500.
Thu May 23 21:32:40 2024 :: Om awarded 2500 qp, total 35000.
Thu May 23 21:32:41 2024 :: Om awarded 2500 qp, total 37500.
Thu May 23 21:32:41 2024 :: Om awarded 2500 qp, total 40000.
Thu May 23 21:32:41 2024 :: Om awarded 2500 qp, total 42500.
Thu May 23 21:32:41 2024 :: Om awarded 2500 qp, total 45000.
Thu May 23 21:32:42 2024 :: Om awarded 2500 qp, total 47500.
Thu May 23 21:32:42 2024 :: Om awarded 2500 qp, total 50000.
Thu May 23 21:32:42 2024 :: Om awarded 2500 qp, total 52500.
Thu May 23 21:32:42 2024 :: Om awarded 2500 qp, total 55000.
Thu May 23 21:32:43 2024 :: Om awarded 2500 qp, total 57500.
Thu May 23 21:32:43 2024 :: Om awarded 2500 qp, total 60000.
Thu May 23 21:32:43 2024 :: Om awarded 2500 qp, total 62500.
Thu May 23 21:32:43 2024 :: Om awarded 2500 qp, total 65000.
Thu May 23 21:32:45 2024 :: Om awarded 2500 qp, total 67500.
Thu May 23 21:33:01 2024 :: Om spends 5000 quest points, total 62500.
Thu May 23 21:33:04 2024 :: Om spends 1000 quest points, total 61500.
Thu May 23 21:33:24 2024 :: Om spends 5000 quest points, total 56500.
Thu May 23 21:33:32 2024 :: Om spends 2000 quest points, total 54500.
Thu May 23 21:33:37 2024 :: Om spends 10000 quest points, total 44500.
Thu May 23 21:34:17 2024 :: Om awarded 2500 qp, total 47000.
Thu May 23 21:34:18 2024 :: Om awarded 2500 qp, total 49500.
Thu May 23 21:34:18 2024 :: Om awarded 2500 qp, total 52000.
Thu May 23 21:34:18 2024 :: Om awarded 2500 qp, total 54500.
Thu May 23 21:34:18 2024 :: Om awarded 2500 qp, total 57000.
Thu May 23 21:34:19 2024 :: Om awarded 2500 qp, total 59500.
Thu May 23 21:34:19 2024 :: Om awarded 2500 qp, total 62000.
Thu May 23 21:34:19 2024 :: Om awarded 2500 qp, total 64500.
Thu May 23 21:34:19 2024 :: Om awarded 2500 qp, total 67000.
Thu May 23 21:34:20 2024 :: Om awarded 2500 qp, total 69500.
Thu May 23 21:34:20 2024 :: Om awarded 2500 qp, total 72000.
Thu May 23 21:34:20 2024 :: Om awarded 2500 qp, total 74500.
Thu May 23 21:34:20 2024 :: Om awarded 2500 qp, total 77000.
Thu May 23 21:34:21 2024 :: Om awarded 2500 qp, total 79500.
Thu May 23 21:34:21 2024 :: Om awarded 2500 qp, total 82000.
Thu May 23 21:34:21 2024 :: Om awarded 2500 qp, total 84500.
Thu May 23 21:34:21 2024 :: Om awarded 2500 qp, total 87000.
Thu May 23 21:34:22 2024 :: Om awarded 2500 qp, total 89500.
Thu May 23 21:34:22 2024 :: Om awarded 2500 qp, total 92000.
Thu May 23 21:34:22 2024 :: Om awarded 2500 qp, total 94500.
Thu May 23 21:34:22 2024 :: Om awarded 2500 qp, total 97000.
Thu May 23 21:34:23 2024 :: Om awarded 2500 qp, total 99500.
Thu May 23 21:34:23 2024 :: Om awarded 2500 qp, total 102000.
Thu May 23 21:34:23 2024 :: Om awarded 2500 qp, total 104500.
Thu May 23 21:34:23 2024 :: Om awarded 2500 qp, total 107000.
Thu May 23 21:34:24 2024 :: Om awarded 2500 qp, total 109500.
Thu May 23 21:34:24 2024 :: Om awarded 2500 qp, total 112000.
Thu May 23 21:34:24 2024 :: Om awarded 2500 qp, total 114500.
Thu May 23 21:34:24 2024 :: Om awarded 2500 qp, total 117000.
Thu May 23 21:34:25 2024 :: Om awarded 2500 qp, total 119500.
Thu May 23 21:34:25 2024 :: Om awarded 2500 qp, total 122000.
Thu May 23 21:34:25 2024 :: Om awarded 2500 qp, total 124500.
Thu May 23 21:34:25 2024 :: Om awarded 2500 qp, total 127000.
Thu May 23 21:34:26 2024 :: Om awarded 2500 qp, total 129500.
Thu May 23 21:34:26 2024 :: Om awarded 2500 qp, total 132000.
Thu May 23 21:34:26 2024 :: Om awarded 2500 qp, total 134500.
Thu May 23 21:34:26 2024 :: Om awarded 2500 qp, total 137000.
Thu May 23 21:34:27 2024 :: Om awarded 2500 qp, total 139500.
Thu May 23 21:34:27 2024 :: Om awarded 2500 qp, total 142000.
Thu May 23 21:34:27 2024 :: Om awarded 2500 qp, total 144500.
Thu May 23 21:34:27 2024 :: Om awarded 2500 qp, total 147000.
Thu May 23 21:34:28 2024 :: Om awarded 2500 qp, total 149500.
Thu May 23 21:34:34 2024 :: Om spends 100000 quest points, total 49500.
Sun May 26 21:31:50 2024 :: Om spends 5000 quest points, total 44500.
Mon Jun 17 17:39:06 2024 :: Testbelt denied Quest
Tue Jul  9 08:22:10 2024 :: Admin awarded 2500 qp, total 2500.
Tue Jul  9 08:22:11 2024 :: Admin awarded 2500 qp, total 5000.
Tue Jul  9 08:22:11 2024 :: Admin awarded 2500 qp, total 7500.
Tue Jul  9 08:22:12 2024 :: Admin awarded 2500 qp, total 10000.
Tue Jul  9 08:22:12 2024 :: Admin awarded 2500 qp, total 12500.
Tue Jul  9 08:22:13 2024 :: Admin awarded 2500 qp, total 15000.
Tue Jul  9 08:22:13 2024 :: Admin awarded 2500 qp, total 17500.
Tue Jul  9 08:22:15 2024 :: Admin awarded 2500 qp, total 20000.
Tue Jul  9 08:22:16 2024 :: Admin awarded 2500 qp, total 22500.
Tue Jul  9 08:22:16 2024 :: Admin awarded 2500 qp, total 25000.
Tue Jul  9 08:22:19 2024 :: Admin spends 10000 quest points, total 15000.
Sun Aug 31 17:26:48 2025 :: Om spends 500 quest points, total 9500.
Sun Aug 31 17:30:39 2025 :: Om spends 500 quest points, total 9000.
Sun Aug 31 17:30:44 2025 :: Om gains 8 quest points, total 9008.
Sun Aug 31 17:30:44 2025 :: Om gains 8 quest points, total 9016.
Sun Aug 31 17:31:49 2025 :: Om spends 500 quest points, total 8516.
Sun Aug 31 17:31:53 2025 :: Om spends 500 quest points, total 8016.
Tue Sep  2 14:32:05 2025 :: Om denied Quest
Tue Sep  2 15:24:31 2025 :: Testy denied Quest
Tue Sep  2 15:25:39 2025 :: Testy denied Quest
Tue Sep  2 15:25:58 2025 :: Testy denied Quest
Tue Sep  2 15:27:16 2025 :: Testy denied Quest
Tue Sep  2 15:29:27 2025 :: Testy denied Quest
Tue Sep  2 15:33:31 2025 :: Testy denied Quest
Tue Sep  2 15:35:07 2025 :: Testy assigned Quest
Tue Sep  2 15:35:48 2025 :: Testy gains 41 quest points, total 41.
Mon Sep 22 03:08:02 2025 :: Om spends 100 quest points, total 7916.
Fri Sep 26 01:02:35 2025 :: Classtest denied Quest
Fri Sep 26 01:10:15 2025 :: Classtest denied Quest
Fri Sep 26 01:10:21 2025 :: Classtest denied Quest
Fri Sep 26 01:10:28 2025 :: Classtest denied Quest
Fri Sep 26 01:10:32 2025 :: Classtest denied Quest
Fri Sep 26 01:10:36 2025 :: Classtest denied Quest
Fri Sep 26 01:12:50 2025 :: Classtest assigned Quest
Fri Sep 26 01:13:11 2025 :: Classtest gains 26 quest points, total 26.
Fri Sep 26 01:15:33 2025 :: Classtest assigned Quest
Fri Sep 26 01:16:12 2025 :: Classtest gains 26 quest points, total 52.
Fri Sep 26 01:18:24 2025 :: Classtest spends 100 quest points, total 3900.
Fri Sep 26 01:18:27 2025 :: Classtest assigned Quest
Fri Sep 26 01:18:45 2025 :: Classtest spends 200 quest points, total 3700.
Fri Sep 26 01:18:56 2025 :: Classtest spends 500 quest points, total 3200.
Fri Sep 26 01:18:57 2025 :: Classtest spends 500 quest points, total 2700.
Fri Sep 26 01:19:11 2025 :: Classtest spends 500 quest points, total 2200.
Fri Sep 26 01:19:12 2025 :: Classtest spends 500 quest points, total 1700.
Fri Sep 26 01:19:42 2025 :: Classtest spends 250 quest points, total 1450.
Fri Sep 26 01:19:43 2025 :: Classtest spends 250 quest points, total 1200.
Fri Sep 26 01:19:52 2025 :: Classtest spends 1000 quest points, total 200.
Fri Sep 26 01:20:55 2025 :: Classtest gains 45 quest points, total 245.
Tue Sep 30 05:33:43 2025 :: Malafay spends 100 quest points, total 1490.
Tue Sep 30 05:34:42 2025 :: Malafay spends 250 quest points, total 1240.
Tue Sep 30 05:34:43 2025 :: Malafay spends 250 quest points, total 990.
Tue Sep 30 05:35:24 2025 :: Malafay spends 500 quest points, total 490.
Tue Sep 30 05:35:50 2025 :: Malafay granted 25 quest points, total 515.
Tue Sep 30 05:36:24 2025 :: Malafay awarded 2500 qp, total 3015.
Tue Sep 30 05:36:25 2025 :: Malafay awarded 2500 qp, total 5515.
Tue Sep 30 05:36:26 2025 :: Malafay awarded 2500 qp, total 8015.
Tue Sep 30 05:36:26 2025 :: Malafay awarded 2500 qp, total 10515.
Tue Sep 30 05:36:27 2025 :: Malafay awarded 2500 qp, total 13015.
Tue Sep 30 05:36:36 2025 :: Malafay spends 500 quest points, total 12515.
Tue Sep 30 05:36:37 2025 :: Malafay spends 500 quest points, total 12015.
Tue Sep 30 05:36:56 2025 :: Malafay spends 200 quest points, total 11815.
Tue Sep 30 05:37:07 2025 :: Malafay spends 500 quest points, total 11315.
Tue Sep 30 05:37:14 2025 :: Malafay spends 500 quest points, total 10815.
Tue Sep 30 05:37:42 2025 :: Malafay spends 1000 quest points, total 9815.
Tue Sep 30 05:37:48 2025 :: Malafay spends 1000 quest points, total 8815.
Tue Sep 30 05:38:07 2025 :: Malafay spends 1000 quest points, total 7815.
Wed Oct  1 02:48:40 2025 :: Multitest awarded 2500 qp, total 2500.
Wed Oct  1 02:48:55 2025 :: Multitest awarded 2500 qp, total 5000.
Wed Oct  1 02:48:55 2025 :: Multitest awarded 2500 qp, total 7500.
Wed Oct  1 02:48:55 2025 :: Multitest awarded 2500 qp, total 10000.
Wed Oct  1 02:48:55 2025 :: Multitest awarded 2500 qp, total 12500.
Wed Oct  1 02:48:55 2025 :: Multitest awarded 2500 qp, total 15000.
Wed Oct  1 02:48:55 2025 :: Multitest awarded 2500 qp, total 17500.
Wed Oct  1 02:48:55 2025 :: Multitest awarded 2500 qp, total 20000.
Wed Oct  1 02:48:55 2025 :: Multitest awarded 2500 qp, total 22500.
Wed Oct  1 02:48:55 2025 :: Multitest awarded 2500 qp, total 25000.
Wed Oct  1 02:48:55 2025 :: Multitest awarded 2500 qp, total 27500.
Wed Oct  1 02:49:25 2025 :: Multitest spends 10000 quest points, total 17500.
Wed Oct  1 02:49:26 2025 :: Multitest spends 10000 quest points, total 7500.
Wed Oct  1 02:49:35 2025 :: Multitest spends 500 quest points, total 7000.
Wed Oct  1 02:49:35 2025 :: Multitest spends 500 quest points, total 6500.
Wed Oct  1 02:49:39 2025 :: Multitest spends 500 quest points, total 6000.
Wed Oct  1 02:49:40 2025 :: Multitest spends 500 quest points, total 5500.
Wed Oct  1 02:49:44 2025 :: Multitest spends 250 quest points, total 5250.
Wed Oct  1 02:49:44 2025 :: Multitest spends 250 quest points, total 5000.
Wed Oct  1 02:49:56 2025 :: Multitest spends 500 quest points, total 4500.
Wed Oct  1 02:49:59 2025 :: Multitest spends 250 quest points, total 4250.
Wed Oct  1 02:50:00 2025 :: Multitest spends 250 quest points, total 4000.
Wed Oct  1 02:50:03 2025 :: Multitest spends 250 quest points, total 3750.
Wed Oct  1 02:50:09 2025 :: Multitest spends 1000 quest points, total 2750.
Wed Oct  1 02:50:13 2025 :: Multitest spends 1000 quest points, total 1750.
Wed Oct  1 02:50:22 2025 :: Multitest spends 1000 quest points, total 750.
Wed Oct  1 02:50:30 2025 :: Multitest awarded 2500 qp, total 3250.
Wed Oct  1 02:50:30 2025 :: Multitest awarded 2500 qp, total 5750.
Wed Oct  1 02:50:30 2025 :: Multitest awarded 2500 qp, total 8250.
Wed Oct  1 02:50:30 2025 :: Multitest awarded 2500 qp, total 10750.
Wed Oct  1 02:50:30 2025 :: Multitest awarded 2500 qp, total 13250.
Wed Oct  1 02:50:30 2025 :: Multitest awarded 2500 qp, total 15750.
Wed Oct  1 02:50:30 2025 :: Multitest awarded 2500 qp, total 18250.
Wed Oct  1 02:50:30 2025 :: Multitest awarded 2500 qp, total 20750.
Wed Oct  1 02:50:30 2025 :: Multitest awarded 2500 qp, total 23250.
Wed Oct  1 02:50:30 2025 :: Multitest awarded 2500 qp, total 25750.
Wed Oct  1 02:50:32 2025 :: Multitest spends 1000 quest points, total 24750.
Wed Oct  1 02:50:39 2025 :: Multitest spends 1000 quest points, total 23750.
Wed Oct  1 02:50:41 2025 :: Multitest spends 750 quest points, total 23000.
Wed Oct  1 02:50:51 2025 :: Multitest spends 500 quest points, total 22500.
Wed Oct  1 02:50:52 2025 :: Multitest spends 500 quest points, total 22000.
Wed Oct  1 02:50:58 2025 :: Multitest spends 100 quest points, total 21900.
Wed Oct  1 02:51:09 2025 :: Multitest spends 1000 quest points, total 20900.
Wed Oct  1 02:51:15 2025 :: Multitest spends 1000 quest points, total 19900.
Wed Oct  1 02:51:45 2025 :: Multitest spends 250 quest points, total 19650.
Wed Oct  1 02:51:49 2025 :: Multitest spends 1000 quest points, total 18650.
Wed Oct  1 02:51:59 2025 :: Multitest spends 200 quest points, total 18450.
Wed Oct  1 02:52:01 2025 :: Multitest spends 250 quest points, total 18200.
Wed Oct  1 05:01:04 2025 :: Alcinious spends 500 quest points, total 160.
Wed Oct  1 05:01:26 2025 :: Alcinious awarded 2500 qp, total 2660.
Wed Oct  1 05:01:30 2025 :: Alcinious awarded 2500 qp, total 5160.
Wed Oct  1 05:01:30 2025 :: Alcinious awarded 2500 qp, total 7660.
Wed Oct  1 05:01:30 2025 :: Alcinious awarded 2500 qp, total 10160.
Wed Oct  1 05:01:30 2025 :: Alcinious awarded 2500 qp, total 12660.
Wed Oct  1 05:01:30 2025 :: Alcinious awarded 2500 qp, total 15160.
Wed Oct  1 05:01:30 2025 :: Alcinious awarded 2500 qp, total 17660.
Wed Oct  1 05:01:30 2025 :: Alcinious awarded 2500 qp, total 20160.
Wed Oct  1 05:01:30 2025 :: Alcinious awarded 2500 qp, total 22660.
Wed Oct  1 05:01:30 2025 :: Alcinious awarded 2500 qp, total 25160.
Wed Oct  1 05:01:30 2025 :: Alcinious awarded 2500 qp, total 27660.
Wed Oct  1 05:01:37 2025 :: Alcinious spends 500 quest points, total 27160.
Wed Oct  1 05:01:39 2025 :: Alcinious spends 250 quest points, total 26910.
Wed Oct  1 05:01:39 2025 :: Alcinious spends 250 quest points, total 26660.
Wed Oct  1 05:01:41 2025 :: Alcinious spends 250 quest points, total 26410.
Wed Oct  1 05:01:42 2025 :: Alcinious spends 250 quest points, total 26160.
Wed Oct  1 05:01:45 2025 :: Alcinious spends 500 quest points, total 25660.
Wed Oct  1 05:01:45 2025 :: Alcinious spends 500 quest points, total 25160.
Wed Oct  1 05:01:48 2025 :: Alcinious spends 500 quest points, total 24660.
Wed Oct  1 05:01:49 2025 :: Alcinious spends 500 quest points, total 24160.
Wed Oct  1 05:01:54 2025 :: Alcinious spends 500 quest points, total 23660.
Wed Oct  1 05:01:57 2025 :: Alcinious spends 1000 quest points, total 22660.
Wed Oct  1 05:02:02 2025 :: Alcinious spends 1000 quest points, total 21660.
Wed Oct  1 05:02:04 2025 :: Alcinious spends 1000 quest points, total 20660.
Wed Oct  1 05:02:07 2025 :: Alcinious spends 750 quest points, total 19910.
Wed Oct  1 05:03:26 2025 :: Alcinious spends 1000 quest points, total 18910.
Wed Oct  1 05:03:29 2025 :: Alcinious spends 100 quest points, total 18810.
Wed Oct  1 05:03:32 2025 :: Alcinious spends 1000 quest points, total 17810.
Wed Oct  1 05:03:39 2025 :: Alcinious spends 1000 quest points, total 16810.
Wed Oct  1 05:03:52 2025 :: Alcinious spends 250 quest points, total 16560.
Wed Oct  1 05:03:55 2025 :: Alcinious spends 200 quest points, total 16360.
Wed Oct  1 05:04:00 2025 :: Alcinious spends 10000 quest points, total 6360.
Wed Oct  1 05:17:50 2025 :: Alcinious spends 1000 quest points, total 5360.
Wed Oct  1 05:25:01 2025 :: Alcinious denied Quest
Wed Oct  1 05:25:51 2025 :: Alcinious denied Quest
Mon Oct  6 03:49:01 2025 :: Mask spends 10000 quest points, total 15000.
Mon Oct  6 03:49:09 2025 :: Mask spends 500 quest points, total 14500.
Mon Oct  6 03:49:10 2025 :: Mask spends 500 quest points, total 14000.
Mon Oct  6 03:49:13 2025 :: Mask spends 500 quest points, total 13500.
Mon Oct  6 03:49:14 2025 :: Mask spends 500 quest points, total 13000.
Mon Oct  6 03:49:20 2025 :: Mask spends 1000 quest points, total 12000.
Mon Oct  6 03:49:25 2025 :: Mask spends 250 quest points, total 11750.
Mon Oct  6 03:49:25 2025 :: Mask spends 250 quest points, total 11500.
Mon Oct  6 03:49:28 2025 :: Mask spends 250 quest points, total 11250.
Mon Oct  6 03:49:33 2025 :: Mask spends 1000 quest points, total 10250.
Mon Oct  6 03:49:37 2025 :: Mask spends 500 quest points, total 9750.
Mon Oct  6 03:49:40 2025 :: Mask spends 500 quest points, total 9250.
Mon Oct  6 03:49:45 2025 :: Mask spends 250 quest points, total 9000.
Mon Oct  6 03:49:48 2025 :: Mask spends 250 quest points, total 8750.
Mon Oct  6 03:49:53 2025 :: Mask spends 1000 quest points, total 7750.
Mon Oct  6 03:49:58 2025 :: Mask spends 1000 quest points, total 6750.
Mon Oct  6 03:50:01 2025 :: Mask spends 1000 quest points, total 5750.
Mon Oct  6 03:50:05 2025 :: Mask spends 1000 quest points, total 4750.
Mon Oct  6 03:50:11 2025 :: Mask spends 750 quest points, total 4000.
Mon Oct  6 03:50:16 2025 :: Mask spends 1000 quest points, total 3000.
Mon Oct  6 03:50:18 2025 :: Mask spends 500 quest points, total 2500.
Mon Oct  6 03:50:19 2025 :: Mask spends 500 quest points, total 2000.
Mon Oct  6 03:50:21 2025 :: Mask spends 1000 quest points, total 1000.
Mon Oct  6 03:50:33 2025 :: Mask spends 5000 quest points, total 20000.
Mon Oct  6 03:50:40 2025 :: Mask spends 200 quest points, total 19800.
Mon Oct  6 03:50:44 2025 :: Mask spends 500 quest points, total 19300.
Mon Oct  6 03:50:48 2025 :: Mask spends 1000 quest points, total 18300.
Mon Oct  6 03:50:51 2025 :: Mask spends 10000 quest points, total 8300.
Mon Oct  6 03:51:00 2025 :: Mask spends 10000 quest points, total 15000.
Mon Oct  6 03:51:04 2025 :: Mask spends 10000 quest points, total 5000.
Mon Oct  6 03:51:10 2025 :: Mask spends 10000 quest points, total 15000.
Mon Oct  6 03:51:17 2025 :: Mask spends 15000 quest points, total 10000.
Mon Oct  6 03:51:24 2025 :: Mask spends 15000 quest points, total 10000.
Mon Oct  6 03:58:51 2025 :: Mask spends 100 quest points, total 9900.
Tue Oct  7 17:12:17 2025 :: Mask spends 400 quest points, total 9510.
Tue Oct  7 17:12:24 2025 :: Mask gains 300 quest points, total 9810.
Tue Oct  7 17:16:39 2025 :: Mask spends 20000 quest points, total 5000.
Tue Oct  7 17:16:58 2025 :: Mask spends 10000 quest points, total 15000.
Tue Oct  7 17:17:03 2025 :: Mask spends 10000 quest points, total 5000.
Tue Oct  7 17:17:09 2025 :: Mask spends 10000 quest points, total 15000.
Tue Oct  7 17:17:16 2025 :: Mask spends 10000 quest points, total 5000.
Tue Oct  7 17:17:24 2025 :: Mask spends 10000 quest points, total 15000.
Tue Oct  7 17:21:54 2025 :: Mask spends 50 quest points, total 14950.
Tue Oct  7 17:23:54 2025 :: Mask spends 10 quest points, total 14940.
Wed Oct  8 00:49:34 2025 :: Mask loses 33 quest points, total 14907.
